2022-10-19 00:03:22.078  INFO [users-ws,,,] 27640 --- [AsyncResolver-bootstrap-executor-0] c.n.d.s.r.aws.ConfigClusterResolver      : Resolving eureka endpoints via configuration
2022-10-19 00:08:22.172  INFO [users-ws,,,] 27640 --- [AsyncResolver-bootstrap-executor-0] c.n.d.s.r.aws.ConfigClusterResolver      : Resolving eureka endpoints via configuration
2022-10-19 00:13:22.184  INFO [users-ws,,,] 27640 --- [AsyncResolver-bootstrap-executor-0] c.n.d.s.r.aws.ConfigClusterResolver      : Resolving eureka endpoints via configuration
2022-10-19 00:18:22.210  INFO [users-ws,,,] 27640 --- [AsyncResolver-bootstrap-executor-0] c.n.d.s.r.aws.ConfigClusterResolver      : Resolving eureka endpoints via configuration
2022-10-19 00:37:51.111  WARN [users-ws,,,] 27640 --- [HikariPool-1 housekeeper] com.zaxxer.hikari.pool.HikariPool        : HikariPool-1 - Thread starvation or clock leap detected (housekeeper delta=16m40s428ms).
2022-10-19 00:39:56.358  WARN [users-ws,,,] 27640 --- [HikariPool-1 housekeeper] com.zaxxer.hikari.pool.HikariPool        : HikariPool-1 - Thread starvation or clock leap detected (housekeeper delta=2m5s251ms).
2022-10-19 01:12:31.125  WARN [users-ws,,,] 27640 --- [HikariPool-1 housekeeper] com.zaxxer.hikari.pool.HikariPool        : HikariPool-1 - Thread starvation or clock leap detected (housekeeper delta=32m34s768ms).
2022-10-19 01:45:39.441  WARN [users-ws,,,] 27640 --- [HikariPool-1 housekeeper] com.zaxxer.hikari.pool.HikariPool        : HikariPool-1 - Thread starvation or clock leap detected (housekeeper delta=33m8s316ms).
2022-10-19 02:02:26.760  INFO [users-ws,,,] 27640 --- [AsyncResolver-bootstrap-executor-0] c.n.d.s.r.aws.ConfigClusterResolver      : Resolving eureka endpoints via configuration
2022-10-19 02:36:11.532  WARN [users-ws,,,] 27640 --- [HikariPool-1 housekeeper] com.zaxxer.hikari.pool.HikariPool        : HikariPool-1 - Thread starvation or clock leap detected (housekeeper delta=50m32s90ms).
2022-10-19 03:10:57.512  INFO [users-ws,,,] 27640 --- [DiscoveryClient-HeartbeatExecutor-0] com.netflix.discovery.DiscoveryClient    : DiscoveryClient_USERS-WS/users-ws:0275d0a1e54a198cd7910a639eee54a1 - Re-registering apps/USERS-WS
2022-10-19 03:10:57.516  INFO [users-ws,,,] 27640 --- [DiscoveryClient-HeartbeatExecutor-0] com.netflix.discovery.DiscoveryClient    : DiscoveryClient_USERS-WS/users-ws:0275d0a1e54a198cd7910a639eee54a1: registering service...
2022-10-19 03:10:57.558  INFO [users-ws,,,] 27640 --- [DiscoveryClient-HeartbeatExecutor-0] com.netflix.discovery.DiscoveryClient    : DiscoveryClient_USERS-WS/users-ws:0275d0a1e54a198cd7910a639eee54a1 - registration status: 204
2022-10-19 03:11:03.358  WARN [users-ws,,,] 27640 --- [HikariPool-1 housekeeper] com.zaxxer.hikari.pool.HikariPool        : HikariPool-1 - Thread starvation or clock leap detected (housekeeper delta=34m51s826ms).
2022-10-19 04:01:06.011  WARN [users-ws,,,] 27640 --- [HikariPool-1 housekeeper] com.zaxxer.hikari.pool.HikariPool        : HikariPool-1 - Thread starvation or clock leap detected (housekeeper delta=50m2s653ms).
2022-10-19 04:49:39.857  WARN [users-ws,,,] 27640 --- [HikariPool-1 housekeeper] com.zaxxer.hikari.pool.HikariPool        : HikariPool-1 - Thread starvation or clock leap detected (housekeeper delta=48m33s846ms).
2022-10-19 05:24:31.256  WARN [users-ws,,,] 27640 --- [HikariPool-1 housekeeper] com.zaxxer.hikari.pool.HikariPool        : HikariPool-1 - Thread starvation or clock leap detected (housekeeper delta=34m51s400ms).
2022-10-19 06:12:14.509  INFO [users-ws,,,] 27640 --- [DiscoveryClient-HeartbeatExecutor-0] com.netflix.discovery.DiscoveryClient    : DiscoveryClient_USERS-WS/users-ws:0275d0a1e54a198cd7910a639eee54a1 - Re-registering apps/USERS-WS
2022-10-19 06:12:14.510  INFO [users-ws,,,] 27640 --- [DiscoveryClient-HeartbeatExecutor-0] com.netflix.discovery.DiscoveryClient    : DiscoveryClient_USERS-WS/users-ws:0275d0a1e54a198cd7910a639eee54a1: registering service...
2022-10-19 06:12:14.527  INFO [users-ws,,,] 27640 --- [DiscoveryClient-HeartbeatExecutor-0] com.netflix.discovery.DiscoveryClient    : DiscoveryClient_USERS-WS/users-ws:0275d0a1e54a198cd7910a639eee54a1 - registration status: 204
2022-10-19 06:12:20.178  WARN [users-ws,,,] 27640 --- [HikariPool-1 housekeeper] com.zaxxer.hikari.pool.HikariPool        : HikariPool-1 - Thread starvation or clock leap detected (housekeeper delta=47m48s921ms).
2022-10-19 07:02:01.404  WARN [users-ws,,,] 27640 --- [HikariPool-1 housekeeper] com.zaxxer.hikari.pool.HikariPool        : HikariPool-1 - Thread starvation or clock leap detected (housekeeper delta=49m41s227ms).
2022-10-19 07:26:29.874  WARN [users-ws,,,] 27640 --- [HikariPool-1 housekeeper] com.zaxxer.hikari.pool.HikariPool        : HikariPool-1 - Thread starvation or clock leap detected (housekeeper delta=24m28s469ms).
2022-10-19 07:29:51.654  WARN [users-ws,,,] 27640 --- [HikariPool-1 housekeeper] com.zaxxer.hikari.pool.HikariPool        : HikariPool-1 - Thread starvation or clock leap detected (housekeeper delta=3m21s780ms).
2022-10-19 07:30:33.056  INFO [users-ws,,,] 27640 --- [AsyncResolver-bootstrap-executor-0] c.n.d.s.r.aws.ConfigClusterResolver      : Resolving eureka endpoints via configuration
2022-10-19 07:35:33.087  INFO [users-ws,,,] 27640 --- [AsyncResolver-bootstrap-executor-0] c.n.d.s.r.aws.ConfigClusterResolver      : Resolving eureka endpoints via configuration
2022-10-19 07:40:33.107  INFO [users-ws,,,] 27640 --- [AsyncResolver-bootstrap-executor-0] c.n.d.s.r.aws.ConfigClusterResolver      : Resolving eureka endpoints via configuration
2022-10-19 07:45:33.122  INFO [users-ws,,,] 27640 --- [AsyncResolver-bootstrap-executor-0] c.n.d.s.r.aws.ConfigClusterResolver      : Resolving eureka endpoints via configuration
2022-10-19 07:50:33.192  INFO [users-ws,,,] 27640 --- [AsyncResolver-bootstrap-executor-0] c.n.d.s.r.aws.ConfigClusterResolver      : Resolving eureka endpoints via configuration
2022-10-19 07:55:33.209  INFO [users-ws,,,] 27640 --- [AsyncResolver-bootstrap-executor-0] c.n.d.s.r.aws.ConfigClusterResolver      : Resolving eureka endpoints via configuration
2022-10-19 08:00:33.225  INFO [users-ws,,,] 27640 --- [AsyncResolver-bootstrap-executor-0] c.n.d.s.r.aws.ConfigClusterResolver      : Resolving eureka endpoints via configuration
2022-10-19 08:05:33.230  INFO [users-ws,,,] 27640 --- [AsyncResolver-bootstrap-executor-0] c.n.d.s.r.aws.ConfigClusterResolver      : Resolving eureka endpoints via configuration
2022-10-19 08:10:33.249  INFO [users-ws,,,] 27640 --- [AsyncResolver-bootstrap-executor-0] c.n.d.s.r.aws.ConfigClusterResolver      : Resolving eureka endpoints via configuration
2022-10-19 08:15:33.268  INFO [users-ws,,,] 27640 --- [AsyncResolver-bootstrap-executor-0] c.n.d.s.r.aws.ConfigClusterResolver      : Resolving eureka endpoints via configuration
2022-10-19 08:20:33.306  INFO [users-ws,,,] 27640 --- [AsyncResolver-bootstrap-executor-0] c.n.d.s.r.aws.ConfigClusterResolver      : Resolving eureka endpoints via configuration
2022-10-19 08:25:33.327  INFO [users-ws,,,] 27640 --- [AsyncResolver-bootstrap-executor-0] c.n.d.s.r.aws.ConfigClusterResolver      : Resolving eureka endpoints via configuration
2022-10-19 08:30:33.378  INFO [users-ws,,,] 27640 --- [AsyncResolver-bootstrap-executor-0] c.n.d.s.r.aws.ConfigClusterResolver      : Resolving eureka endpoints via configuration
2022-10-19 08:35:33.379  INFO [users-ws,,,] 27640 --- [AsyncResolver-bootstrap-executor-0] c.n.d.s.r.aws.ConfigClusterResolver      : Resolving eureka endpoints via configuration
2022-10-19 08:40:33.396  INFO [users-ws,,,] 27640 --- [AsyncResolver-bootstrap-executor-0] c.n.d.s.r.aws.ConfigClusterResolver      : Resolving eureka endpoints via configuration
2022-10-19 08:45:33.408  INFO [users-ws,,,] 27640 --- [AsyncResolver-bootstrap-executor-0] c.n.d.s.r.aws.ConfigClusterResolver      : Resolving eureka endpoints via configuration
2022-10-19 08:50:33.410  INFO [users-ws,,,] 27640 --- [AsyncResolver-bootstrap-executor-0] c.n.d.s.r.aws.ConfigClusterResolver      : Resolving eureka endpoints via configuration
2022-10-19 08:55:33.425  INFO [users-ws,,,] 27640 --- [AsyncResolver-bootstrap-executor-0] c.n.d.s.r.aws.ConfigClusterResolver      : Resolving eureka endpoints via configuration
2022-10-19 09:09:46.100  WARN [users-ws,,,] 27640 --- [HikariPool-1 housekeeper] com.zaxxer.hikari.pool.HikariPool        : HikariPool-1 - Thread starvation or clock leap detected (housekeeper delta=10m23s525ms).
2022-10-19 09:10:26.965  INFO [users-ws,,,] 27640 --- [AsyncResolver-bootstrap-executor-0] c.n.d.s.r.aws.ConfigClusterResolver      : Resolving eureka endpoints via configuration
2022-10-19 09:15:26.980  INFO [users-ws,,,] 27640 --- [AsyncResolver-bootstrap-executor-0] c.n.d.s.r.aws.ConfigClusterResolver      : Resolving eureka endpoints via configuration
2022-10-19 09:20:27.000  INFO [users-ws,,,] 27640 --- [AsyncResolver-bootstrap-executor-0] c.n.d.s.r.aws.ConfigClusterResolver      : Resolving eureka endpoints via configuration
2022-10-19 09:30:42.276  WARN [users-ws,,,] 27640 --- [HikariPool-1 housekeeper] com.zaxxer.hikari.pool.HikariPool        : HikariPool-1 - Thread starvation or clock leap detected (housekeeper delta=9m56s30ms).
2022-10-19 09:34:53.049  INFO [users-ws,,,] 27640 --- [AsyncResolver-bootstrap-executor-0] c.n.d.s.r.aws.ConfigClusterResolver      : Resolving eureka endpoints via configuration
2022-10-19 09:39:53.073  INFO [users-ws,,,] 27640 --- [AsyncResolver-bootstrap-executor-0] c.n.d.s.r.aws.ConfigClusterResolver      : Resolving eureka endpoints via configuration
2022-10-19 09:44:53.086  INFO [users-ws,,,] 27640 --- [AsyncResolver-bootstrap-executor-0] c.n.d.s.r.aws.ConfigClusterResolver      : Resolving eureka endpoints via configuration
2022-10-19 09:49:53.131  INFO [users-ws,,,] 27640 --- [AsyncResolver-bootstrap-executor-0] c.n.d.s.r.aws.ConfigClusterResolver      : Resolving eureka endpoints via configuration
2022-10-19 10:03:12.964  WARN [users-ws,,,] 27640 --- [HikariPool-1 housekeeper] com.zaxxer.hikari.pool.HikariPool        : HikariPool-1 - Thread starvation or clock leap detected (housekeeper delta=10m30s456ms).
2022-10-19 10:04:53.593  INFO [users-ws,,,] 27640 --- [AsyncResolver-bootstrap-executor-0] c.n.d.s.r.aws.ConfigClusterResolver      : Resolving eureka endpoints via configuration
2022-10-19 10:09:53.603  INFO [users-ws,,,] 27640 --- [AsyncResolver-bootstrap-executor-0] c.n.d.s.r.aws.ConfigClusterResolver      : Resolving eureka endpoints via configuration
2022-10-19 10:14:53.628  INFO [users-ws,,,] 27640 --- [AsyncResolver-bootstrap-executor-0] c.n.d.s.r.aws.ConfigClusterResolver      : Resolving eureka endpoints via configuration
2022-10-19 10:19:53.659  INFO [users-ws,,,] 27640 --- [AsyncResolver-bootstrap-executor-0] c.n.d.s.r.aws.ConfigClusterResolver      : Resolving eureka endpoints via configuration
2022-10-19 10:24:53.670  INFO [users-ws,,,] 27640 --- [AsyncResolver-bootstrap-executor-0] c.n.d.s.r.aws.ConfigClusterResolver      : Resolving eureka endpoints via configuration
2022-10-19 10:29:53.681  INFO [users-ws,,,] 27640 --- [AsyncResolver-bootstrap-executor-0] c.n.d.s.r.aws.ConfigClusterResolver      : Resolving eureka endpoints via configuration
2022-10-19 10:34:53.698  INFO [users-ws,,,] 27640 --- [AsyncResolver-bootstrap-executor-0] c.n.d.s.r.aws.ConfigClusterResolver      : Resolving eureka endpoints via configuration
2022-10-19 10:39:53.720  INFO [users-ws,,,] 27640 --- [AsyncResolver-bootstrap-executor-0] c.n.d.s.r.aws.ConfigClusterResolver      : Resolving eureka endpoints via configuration
2022-10-19 10:44:53.766  INFO [users-ws,,,] 27640 --- [AsyncResolver-bootstrap-executor-0] c.n.d.s.r.aws.ConfigClusterResolver      : Resolving eureka endpoints via configuration
2022-10-19 10:49:53.807  INFO [users-ws,,,] 27640 --- [AsyncResolver-bootstrap-executor-0] c.n.d.s.r.aws.ConfigClusterResolver      : Resolving eureka endpoints via configuration
2022-10-19 10:54:53.828  INFO [users-ws,,,] 27640 --- [AsyncResolver-bootstrap-executor-0] c.n.d.s.r.aws.ConfigClusterResolver      : Resolving eureka endpoints via configuration
2022-10-19 11:11:21.000  WARN [users-ws,,,] 27640 --- [HikariPool-1 housekeeper] com.zaxxer.hikari.pool.HikariPool        : HikariPool-1 - Thread starvation or clock leap detected (housekeeper delta=16m37s552ms).
2022-10-19 11:29:22.625  WARN [users-ws,,,] 27640 --- [HikariPool-1 housekeeper] com.zaxxer.hikari.pool.HikariPool        : HikariPool-1 - Thread starvation or clock leap detected (housekeeper delta=17m31s614ms).
2022-10-19 11:29:24.851  INFO [users-ws,,,] 27640 --- [DiscoveryClient-HeartbeatExecutor-0] com.netflix.discovery.DiscoveryClient    : DiscoveryClient_USERS-WS/users-ws:0275d0a1e54a198cd7910a639eee54a1 - Re-registering apps/USERS-WS
2022-10-19 11:29:24.852  INFO [users-ws,,,] 27640 --- [DiscoveryClient-HeartbeatExecutor-0] com.netflix.discovery.DiscoveryClient    : DiscoveryClient_USERS-WS/users-ws:0275d0a1e54a198cd7910a639eee54a1: registering service...
2022-10-19 11:29:24.904  INFO [users-ws,,,] 27640 --- [DiscoveryClient-HeartbeatExecutor-0] com.netflix.discovery.DiscoveryClient    : DiscoveryClient_USERS-WS/users-ws:0275d0a1e54a198cd7910a639eee54a1 - registration status: 204
2022-10-19 11:46:23.283  WARN [users-ws,,,] 27640 --- [HikariPool-1 housekeeper] com.zaxxer.hikari.pool.HikariPool        : HikariPool-1 - Thread starvation or clock leap detected (housekeeper delta=16m30s653ms).
2022-10-19 11:46:25.601  INFO [users-ws,,,] 27640 --- [DiscoveryClient-HeartbeatExecutor-0] com.netflix.discovery.DiscoveryClient    : DiscoveryClient_USERS-WS/users-ws:0275d0a1e54a198cd7910a639eee54a1 - Re-registering apps/USERS-WS
2022-10-19 11:46:25.604  INFO [users-ws,,,] 27640 --- [DiscoveryClient-HeartbeatExecutor-0] com.netflix.discovery.DiscoveryClient    : DiscoveryClient_USERS-WS/users-ws:0275d0a1e54a198cd7910a639eee54a1: registering service...
2022-10-19 11:46:25.628  INFO [users-ws,,,] 27640 --- [DiscoveryClient-HeartbeatExecutor-0] com.netflix.discovery.DiscoveryClient    : DiscoveryClient_USERS-WS/users-ws:0275d0a1e54a198cd7910a639eee54a1 - registration status: 204
2022-10-19 11:53:29.825  WARN [users-ws,,,] 27640 --- [HikariPool-1 housekeeper] com.zaxxer.hikari.pool.HikariPool        : HikariPool-1 - Thread starvation or clock leap detected (housekeeper delta=6m36s529ms).
2022-10-19 11:53:32.215  INFO [users-ws,,,] 27640 --- [DiscoveryClient-HeartbeatExecutor-0] com.netflix.discovery.DiscoveryClient    : DiscoveryClient_USERS-WS/users-ws:0275d0a1e54a198cd7910a639eee54a1 - Re-registering apps/USERS-WS
2022-10-19 11:53:32.217  INFO [users-ws,,,] 27640 --- [DiscoveryClient-HeartbeatExecutor-0] com.netflix.discovery.DiscoveryClient    : DiscoveryClient_USERS-WS/users-ws:0275d0a1e54a198cd7910a639eee54a1: registering service...
2022-10-19 11:53:32.242  INFO [users-ws,,,] 27640 --- [DiscoveryClient-HeartbeatExecutor-0] com.netflix.discovery.DiscoveryClient    : DiscoveryClient_USERS-WS/users-ws:0275d0a1e54a198cd7910a639eee54a1 - registration status: 204
2022-10-19 11:55:10.134  INFO [users-ws,,,] 27640 --- [AsyncResolver-bootstrap-executor-0] c.n.d.s.r.aws.ConfigClusterResolver      : Resolving eureka endpoints via configuration
2022-10-19 12:00:10.146  INFO [users-ws,,,] 27640 --- [AsyncResolver-bootstrap-executor-0] c.n.d.s.r.aws.ConfigClusterResolver      : Resolving eureka endpoints via configuration
2022-10-19 12:05:10.181  INFO [users-ws,,,] 27640 --- [AsyncResolver-bootstrap-executor-0] c.n.d.s.r.aws.ConfigClusterResolver      : Resolving eureka endpoints via configuration
2022-10-19 12:10:10.222  INFO [users-ws,,,] 27640 --- [AsyncResolver-bootstrap-executor-0] c.n.d.s.r.aws.ConfigClusterResolver      : Resolving eureka endpoints via configuration
2022-10-19 12:26:40.021  WARN [users-ws,,,] 27640 --- [HikariPool-1 housekeeper] com.zaxxer.hikari.pool.HikariPool        : HikariPool-1 - Thread starvation or clock leap detected (housekeeper delta=14m40s8ms).
2022-10-19 12:29:20.249  INFO [users-ws,,,] 27640 --- [AsyncResolver-bootstrap-executor-0] c.n.d.s.r.aws.ConfigClusterResolver      : Resolving eureka endpoints via configuration
2022-10-19 12:34:20.259  INFO [users-ws,,,] 27640 --- [AsyncResolver-bootstrap-executor-0] c.n.d.s.r.aws.ConfigClusterResolver      : Resolving eureka endpoints via configuration
2022-10-19 12:39:20.270  INFO [users-ws,,,] 27640 --- [AsyncResolver-bootstrap-executor-0] c.n.d.s.r.aws.ConfigClusterResolver      : Resolving eureka endpoints via configuration
2022-10-19 12:44:20.316  INFO [users-ws,,,] 27640 --- [AsyncResolver-bootstrap-executor-0] c.n.d.s.r.aws.ConfigClusterResolver      : Resolving eureka endpoints via configuration
2022-10-19 12:49:20.325  INFO [users-ws,,,] 27640 --- [AsyncResolver-bootstrap-executor-0] c.n.d.s.r.aws.ConfigClusterResolver      : Resolving eureka endpoints via configuration
2022-10-19 12:54:20.361  INFO [users-ws,,,] 27640 --- [AsyncResolver-bootstrap-executor-0] c.n.d.s.r.aws.ConfigClusterResolver      : Resolving eureka endpoints via configuration
2022-10-19 12:59:20.372  INFO [users-ws,,,] 27640 --- [AsyncResolver-bootstrap-executor-0] c.n.d.s.r.aws.ConfigClusterResolver      : Resolving eureka endpoints via configuration
2022-10-19 13:04:20.380  INFO [users-ws,,,] 27640 --- [AsyncResolver-bootstrap-executor-0] c.n.d.s.r.aws.ConfigClusterResolver      : Resolving eureka endpoints via configuration
2022-10-19 13:09:20.425  INFO [users-ws,,,] 27640 --- [AsyncResolver-bootstrap-executor-0] c.n.d.s.r.aws.ConfigClusterResolver      : Resolving eureka endpoints via configuration
2022-10-19 13:14:20.441  INFO [users-ws,,,] 27640 --- [AsyncResolver-bootstrap-executor-0] c.n.d.s.r.aws.ConfigClusterResolver      : Resolving eureka endpoints via configuration
2022-10-19 13:32:48.603  WARN [users-ws,,,] 27640 --- [HikariPool-1 housekeeper] com.zaxxer.hikari.pool.HikariPool        : HikariPool-1 - Thread starvation or clock leap detected (housekeeper delta=17m8s87ms).
2022-10-19 13:37:04.505  WARN [users-ws,,,] 27640 --- [HikariPool-1 housekeeper] com.zaxxer.hikari.pool.HikariPool        : HikariPool-1 - Thread starvation or clock leap detected (housekeeper delta=1m45s829ms).
2022-10-19 13:37:14.364  INFO [users-ws,,,] 27640 --- [AsyncResolver-bootstrap-executor-0] c.n.d.s.r.aws.ConfigClusterResolver      : Resolving eureka endpoints via configuration
2022-10-19 13:42:14.368  INFO [users-ws,,,] 27640 --- [AsyncResolver-bootstrap-executor-0] c.n.d.s.r.aws.ConfigClusterResolver      : Resolving eureka endpoints via configuration
2022-10-19 13:47:14.407  INFO [users-ws,,,] 27640 --- [AsyncResolver-bootstrap-executor-0] c.n.d.s.r.aws.ConfigClusterResolver      : Resolving eureka endpoints via configuration
2022-10-19 13:52:14.415  INFO [users-ws,,,] 27640 --- [AsyncResolver-bootstrap-executor-0] c.n.d.s.r.aws.ConfigClusterResolver      : Resolving eureka endpoints via configuration
2022-10-19 13:57:14.456  INFO [users-ws,,,] 27640 --- [AsyncResolver-bootstrap-executor-0] c.n.d.s.r.aws.ConfigClusterResolver      : Resolving eureka endpoints via configuration
2022-10-19 14:02:14.464  INFO [users-ws,,,] 27640 --- [AsyncResolver-bootstrap-executor-0] c.n.d.s.r.aws.ConfigClusterResolver      : Resolving eureka endpoints via configuration
2022-10-19 14:07:14.483  INFO [users-ws,,,] 27640 --- [AsyncResolver-bootstrap-executor-0] c.n.d.s.r.aws.ConfigClusterResolver      : Resolving eureka endpoints via configuration
2022-10-19 14:12:14.515  INFO [users-ws,,,] 27640 --- [AsyncResolver-bootstrap-executor-0] c.n.d.s.r.aws.ConfigClusterResolver      : Resolving eureka endpoints via configuration
2022-10-19 14:17:14.527  INFO [users-ws,,,] 27640 --- [AsyncResolver-bootstrap-executor-0] c.n.d.s.r.aws.ConfigClusterResolver      : Resolving eureka endpoints via configuration
2022-10-19 14:22:14.544  INFO [users-ws,,,] 27640 --- [AsyncResolver-bootstrap-executor-0] c.n.d.s.r.aws.ConfigClusterResolver      : Resolving eureka endpoints via configuration
2022-10-19 14:27:14.569  INFO [users-ws,,,] 27640 --- [AsyncResolver-bootstrap-executor-0] c.n.d.s.r.aws.ConfigClusterResolver      : Resolving eureka endpoints via configuration
2022-10-19 14:32:14.588  INFO [users-ws,,,] 27640 --- [AsyncResolver-bootstrap-executor-0] c.n.d.s.r.aws.ConfigClusterResolver      : Resolving eureka endpoints via configuration
2022-10-19 14:37:14.608  INFO [users-ws,,,] 27640 --- [AsyncResolver-bootstrap-executor-0] c.n.d.s.r.aws.ConfigClusterResolver      : Resolving eureka endpoints via configuration
2022-10-19 14:53:29.704  WARN [users-ws,,,] 27640 --- [HikariPool-1 housekeeper] com.zaxxer.hikari.pool.HikariPool        : HikariPool-1 - Thread starvation or clock leap detected (housekeeper delta=16m24s528ms).
2022-10-19 14:53:39.042  INFO [users-ws,,,] 27640 --- [DiscoveryClient-HeartbeatExecutor-0] com.netflix.discovery.DiscoveryClient    : DiscoveryClient_USERS-WS/users-ws:0275d0a1e54a198cd7910a639eee54a1 - Re-registering apps/USERS-WS
2022-10-19 14:53:39.060  INFO [users-ws,,,] 27640 --- [DiscoveryClient-HeartbeatExecutor-0] com.netflix.discovery.DiscoveryClient    : DiscoveryClient_USERS-WS/users-ws:0275d0a1e54a198cd7910a639eee54a1: registering service...
2022-10-19 14:53:39.115  INFO [users-ws,,,] 27640 --- [DiscoveryClient-HeartbeatExecutor-0] com.netflix.discovery.DiscoveryClient    : DiscoveryClient_USERS-WS/users-ws:0275d0a1e54a198cd7910a639eee54a1 - registration status: 204
2022-10-19 14:59:03.501  WARN [users-ws,,,] 27640 --- [HikariPool-1 housekeeper] com.zaxxer.hikari.pool.HikariPool        : HikariPool-1 - Thread starvation or clock leap detected (housekeeper delta=5m3s763ms).
2022-10-19 15:02:42.925  INFO [users-ws,,,] 27640 --- [AsyncResolver-bootstrap-executor-0] c.n.d.s.r.aws.ConfigClusterResolver      : Resolving eureka endpoints via configuration
2022-10-19 15:07:42.955  INFO [users-ws,,,] 27640 --- [AsyncResolver-bootstrap-executor-0] c.n.d.s.r.aws.ConfigClusterResolver      : Resolving eureka endpoints via configuration
